 Integrals for:
           1 s1/2
           1 s1/2
 k, Fk
           0   424.67386119097091     
 Integrals for:
           2 s1/2
           1 s1/2
 k, Fk
           0   129.28937253571291     
 k, Gk
           0   35.246574508400023     
 Integrals for:
           2 s1/2
           2 s1/2
 k, Fk
           0   91.384270895601176     
 Integrals for:
           2 p1/2
           1 s1/2
 k, Fk
           0   145.62222299467288     
 k, Gk
           1   26.372677310089436     
 Integrals for:
           2 p1/2
           2 s1/2
 k, Fk
           0   97.104805993453908     
 k, Gk
           1   57.878612301880935     
 Integrals for:
           2 p1/2
           2 p1/2
 k, Fk
           0   106.12546924140314     
 Integrals for:
           2 p3/2
           1 s1/2
 k, Fk
           0   143.71047033345039     
 k, Gk
           1   24.986815451019616     
 Integrals for:
           2 p3/2
           2 s1/2
 k, Fk
           0   96.686315790593909     
 k, Gk
           1   58.033471487377142     
 Integrals for:
           2 p3/2
           2 p1/2
 k, Fk
           0   105.54322148935587     
 k, Gk
           2   49.835663840109142     
 Integrals for:
           2 p3/2
           2 p3/2
 k, Fk
           0   104.97340035073177     
           2   49.679537347324576     
 Integrals for:
           3 s1/2
           1 s1/2
 k, Fk
           0   43.715631659824204     
 k, Gk
           0   4.6450453754232299     
 Integrals for:
           3 s1/2
           2 s1/2
 k, Fk
           0   39.085747022232781     
 k, Gk
           0   10.330870164731268     
 Integrals for:
           3 s1/2
           2 p1/2
 k, Fk
           0   39.711605668679027     
 k, Gk
           1   5.9459657361606242     
 Integrals for:
           3 s1/2
           2 p3/2
 k, Fk
           0   39.664745556682469     
 k, Gk
           1   5.9702880112959349     
 Integrals for:
           3 s1/2
           3 s1/2
 k, Fk
           0   29.813921827384139     
 Integrals for:
           3 p1/2
           1 s1/2
 k, Fk
           0   43.100601310478325     
 k, Gk
           1   2.9905590399038697     
 Integrals for:
           3 p1/2
           2 s1/2
 k, Fk
           0   38.272527886665664     
 k, Gk
           1   4.9664082700092216     
 Integrals for:
           3 p1/2
           2 p1/2
 k, Fk
           0   39.075414392343575     
 k, Gk
           0   10.094384926055049     
 Integrals for:
           3 p1/2
           2 p3/2
 k, Fk
           0   39.022399473598206     
 k, Gk
           2   4.0594206399429051     
 Integrals for:
           3 p1/2
           3 s1/2
 k, Fk
           0   29.252328155103832     
 k, Gk
           1   19.501425980641216     
 Integrals for:
           3 p1/2
           3 p1/2
 k, Fk
           0   28.736934779108541     
 Integrals for:
           3 p3/2
           1 s1/2
 k, Fk
           0   42.427999969539734     
 k, Gk
           1   2.7828039969246250     
 Integrals for:
           3 p3/2
           2 s1/2
 k, Fk
           0   37.837313805655938     
 k, Gk
           1   4.8348577085874904     
 Integrals for:
           3 p3/2
           2 p1/2
 k, Fk
           0   38.612972695924626     
 k, Gk
           2   3.9571725311209831     
 Integrals for:
           3 p3/2
           2 p3/2
 k, Fk
           0   38.562035009350737     
           2   7.4930126835303508     
 k, Gk
           0   9.7874984531221596     
           2   3.9553477131141306     
 Integrals for:
           3 p3/2
           3 s1/2
 k, Fk
           0   29.075689040200686     
 k, Gk
           1   19.400454885412678     
 Integrals for:
           3 p3/2
           3 p1/2
 k, Fk
           0   28.566098898949079     
 k, Gk
           2   14.357182631510153     
 Integrals for:
           3 p3/2
           3 p3/2
 k, Fk
           0   28.398707902636129     
           2   14.287413492138684     
 Integrals for:
           3 d3/2
           1 s1/2
 k, Fk
           0   33.619868430237680     
 k, Gk
           2   5.7442045794947078E-002
 Integrals for:
           3 d3/2
           2 s1/2
 k, Fk
           0   33.026994492190170     
 k, Gk
           2   4.0896713909749112     
 Integrals for:
           3 d3/2
           2 p1/2
 k, Fk
           0   33.191366815831302     
 k, Gk
           1   4.3164799010807480     
 Integrals for:
           3 d3/2
           2 p3/2
 k, Fk
           0   33.180180539341592     
           2   6.0944060283366976     
 k, Gk
           1   4.4000826003166296     
           3   2.5025015906107857     
 Integrals for:
           3 d3/2
           3 s1/2
 k, Fk
           0   26.146791721806160     
 k, Gk
           2   11.819077679087252     
 Integrals for:
           3 d3/2
           3 p1/2
 k, Fk
           0   25.717136971342967     
 k, Gk
           1   15.784543889771442     
 Integrals for:
           3 d3/2
           3 p3/2
 k, Fk
           0   25.582034099680644     
           2   12.126187279126526     
 k, Gk
           1   15.736255571535390     
           3   9.2111014828758044     
 Integrals for:
           3 d3/2
           3 d3/2
 k, Fk
           0   23.338093581668044     
           2   10.819612288473362     
 Integrals for:
           3 d5/2
           1 s1/2
 k, Fk
 total charge:   6.8964532625736528     
 total charge:   6.8964532625736528     
           0   31.584165888581637     
 k, Gk
 total charge:   6.8964532625736528     
 total charge:   6.8964532625736528     
           2   5.1255117204627741E-002
 Integrals for:
           3 d5/2
           2 s1/2
 k, Fk
 total charge:   6.8964532625736528     
 total charge:   6.8964532625736528     
           0   31.046870974520122     
 k, Gk
 total charge:   6.8964532625736528     
 total charge:   6.8964532625736528     
           2   3.6817389730742285     
 Integrals for:
           3 d5/2
           2 p1/2
 k, Fk
 total charge:   6.8964532625736528     
 total charge:   6.8964532625736528     
           0   31.195903865296998     
 k, Gk
 total charge:   6.8964532625736528     
 total charge:   6.8964532625736528     
           3   2.2095430612931959     
 Integrals for:
           3 d5/2
           2 p3/2
 k, Fk
 total charge:   6.8964532625736528     
 total charge:   6.8964532625736528     
           0   31.185768784333543     
 total charge:   6.8964532625736528     
 total charge:   6.8964532625736528     
           2   5.4752614592875677     
 k, Gk
 total charge:   6.8964532625736528     
 total charge:   6.8964532625736528     
           1   3.9623422345292210     
 total charge:   6.8964532625736528     
 total charge:   6.8964532625736528     
           3   2.2547570058341107     
 Integrals for:
           3 d5/2
           3 s1/2
 k, Fk
 total charge:   6.8964532625736528     
 total charge:   6.8964532625736528     
           0   24.902906377933654     
 k, Gk
 total charge:   6.8964532625736528     
 total charge:   6.8964532625736528     
           2   10.602388251841893     
 Integrals for:
           3 d5/2
           3 p1/2
 k, Fk
 total charge:   6.8964532625736528     
 total charge:   6.8964532625736528     
           0   24.519873259342951     
 k, Gk
 total charge:   6.8964532625736528     
 total charge:   6.8964532625736528     
           3   8.3131589208189887     
 Integrals for:
           3 d5/2
           3 p3/2
 k, Fk
 total charge:   6.8964532625736528     
 total charge:   6.8964532625736528     
           0   24.399616624821654     
 total charge:   6.8964532625736528     
 total charge:   6.8964532625736528     
           2   11.130372425369112     
 k, Gk
 total charge:   6.8964532625736528     
 total charge:   6.8964532625736528     
           1   14.282684205922710     
 total charge:   6.8964532625736528     
 total charge:   6.8964532625736528     
           3   8.2938865391749932     
 Integrals for:
           3 d5/2
           3 d3/2
 k, Fk
 total charge:   6.8964532625736528     
 total charge:   6.8964532625736528     
           0   22.363686409718479     
 total charge:   6.8964532625736528     
 total charge:   6.8964532625736528     
           2   10.084084561140870     
 k, Gk
 total charge:   6.8964532625736528     
 total charge:   6.8964532625736528     
           2   10.038499122331586     
 total charge:   6.8964532625736528     
 total charge:   6.8964532625736528     
           4   6.2192987138677323     
 Integrals for:
           3 d5/2
           3 d5/2
 k, Fk
 total charge:   6.8964532625736528     
 total charge:   6.8964532625736528     
 total charge:   6.8964532625736528     
 total charge:   6.8964532625736528     
           0   21.505910529396520     
 total charge:   6.8964532625736528     
 total charge:   6.8964532625736528     
 total charge:   6.8964532625736528     
 total charge:   6.8964532625736528     
           2   9.5082332520224178     
 total charge:   6.8964532625736528     
 total charge:   6.8964532625736528     
 total charge:   6.8964532625736528     
 total charge:   6.8964532625736528     
           4   5.8459021067924137     
 Integrals for:
           4 s1/2
           1 s1/2
 k, Fk
           0   6.7304140486041364     
 k, Gk
           0  0.23637839481581652     
 Integrals for:
           4 s1/2
           2 s1/2
 k, Fk
           0   6.4941321427911198     
 k, Gk
           0  0.51665179600044697     
 Integrals for:
           4 s1/2
           2 p1/2
 k, Fk
           0   6.5261975465001001     
 k, Gk
           1  0.30038265875669529     
 Integrals for:
           4 s1/2
           2 p3/2
 k, Fk
           0   6.5238017375552344     
 k, Gk
           1  0.30154719170484273     
 Integrals for:
           4 s1/2
           3 s1/2
 k, Fk
           0   6.0621704008089115     
 k, Gk
           0   1.4057300846872587     
 Integrals for:
           4 s1/2
           3 p1/2
 k, Fk
           0   6.0379828421120711     
 k, Gk
           1  0.95945484371296763     
 Integrals for:
           4 s1/2
           3 p3/2
 k, Fk
           0   6.0303301036600612     
 k, Gk
           1  0.97386491491814242     
 Integrals for:
           4 s1/2
           3 d3/2
 k, Fk
           0   5.8050781109942777     
 k, Gk
           2   1.1088713865583149     
 Integrals for:
           4 s1/2
           3 d5/2
 k, Fk
 total charge:   6.8964532625736528     
 total charge:   6.8964532625736528     
           0   5.7929116663722322     
 k, Gk
 total charge:   6.8964532625736528     
 total charge:   6.8964532625736528     
           2   1.4600431554786788     
 Integrals for:
           4 s1/2
           4 s1/2
 k, Fk
           0   2.1468583848320959     
 Integrals for:
           4 p1/2
           1 s1/2
 k, Fk
           0   2.8006997239238403     
 k, Gk
           1   7.2967825896284158E-002
 Integrals for:
           4 p1/2
           2 s1/2
 k, Fk
           0   2.6838221860532090     
 k, Gk
           1  0.11864116637387775     
 Integrals for:
           4 p1/2
           2 p1/2
 k, Fk
           0   2.7031098214698885     
 k, Gk
           0  0.23965121151444510     
 Integrals for:
           4 p1/2
           2 p3/2
 k, Fk
           0   2.7018320293204630     
 k, Gk
           2   9.6969473948978299E-002
 Integrals for:
           4 p1/2
           3 s1/2
 k, Fk
           0   2.4826263203809495     
 k, Gk
           1  0.34464910542939375     
 Integrals for:
           4 p1/2
           3 p1/2
 k, Fk
           0   2.4726846990056961     
 k, Gk
           0  0.64304929743357675     
 Integrals for:
           4 p1/2
           3 p3/2
 k, Fk
           0   2.4692126040960991     
 k, Gk
           2  0.27425629670265828     
 Integrals for:
           4 p1/2
           3 d3/2
 k, Fk
           0   2.3767733819030497     
 k, Gk
           1  0.57459975974585720     
 Integrals for:
           4 p1/2
           3 d5/2
 k, Fk
 total charge:   6.8964532625736528     
 total charge:   6.8964532625736528     
           0   2.3749265329810836     
 k, Gk
 total charge:   6.8964532625736528     
 total charge:   6.8964532625736528     
           3  0.44537594793221258     
 Integrals for:
           4 p1/2
           4 s1/2
 k, Fk
           0  0.88968543307736081     
 k, Gk
           1  0.66864294662653345     
 Integrals for:
           4 p1/2
           4 p1/2
 k, Fk
           0  0.36976390380860469     
Done with module: potentials.
